{
  "RSpec": {
    "coverage": {
      "/Users/rmoriz/Dropbox/Projekte/mvg-live/lib/mvg/live.rb": [
        null,
        1,
        1,
        1,
        1,
        1,
        1,
        null,
        1,
        1,
        1,
        1,
        1,
        1,
        1,
        null,
        1,
        null,
        1,
        1,
        1,
        null,
        1,
        1,
        null,
        1,
        1,
        1,
        1,
        1,
        1,
        1,
        1,
        null,
        1,
        16,
        16,
        null,
        16,
        0,
        null,
        null,
        16,
        16,
        16,
        16,
        16,
        16,
        null,
        16,
        16,
        16,
        16,
        null,
        null,
        1,
        1,
        1,
        1,
        null,
        0,
        null,
        null,
        null,
        1,
        12,
        12,
        1,
        null,
        null,
        null,
        null,
        null
      ],
      "/Users/rmoriz/Dropbox/Projekte/mvg-live/lib/mvg/live/encoding.rb": [
        1,
        1,
        1,
        1,
        1,
        34,
        null,
        null,
        1,
        8,
        null,
        null,
        null,
        null,
        null,
        null,
        null,
        0,
        null,
        0,
        0,
        0,
        0,
        0,
        null,
        null,
        0,
        0,
        null,
        null,
        null,
        null,
        null
      ],
      "/Users/rmoriz/Dropbox/Projekte/mvg-live/lib/mvg/live/http.rb": [
        1,
        null,
        1,
        1,
        1,
        null,
        1,
        null,
        10,
        10,
        10,
        10,
        null,
        null,
        1,
        8,
        8,
        null,
        8,
        8,
        8,
        null,
        8,
        null,
        null,
        1,
        null,
        1,
        8,
        8,
        null,
        8,
        20,
        null,
        8,
        null,
        null,
        1,
        8,
        null,
        8,
        0,
        null,
        8,
        null,
        null,
        null,
        1,
        20,
        null,
        3,
        null,
        6,
        null,
        11,
        null,
        null,
        null,
        null,
        null
      ],
      "/Users/rmoriz/Dropbox/Projekte/mvg-live/lib/mvg/live/parser.rb": [
        1,
        null,
        1,
        1,
        1,
        null,
        1,
        6,
        null,
        6,
        null,
        null,
        null,
        null,
        null,
        null,
        null,
        null,
        null,
        null,
        null,
        null,
        null,
        null,
        null,
        null,
        null,
        null,
        null,
        null,
        null,
        null,
        null,
        null,
        6,
        null,
        6,
        null,
        6,
        32,
        32,
        32,
        32,
        null,
        32,
        null,
        null,
        6,
        5,
        37,
        5,
        null,
        1,
        1,
        null,
        1,
        2,
        null,
        null,
        null,
        null,
        null,
        null
      ],
      "/Users/rmoriz/Dropbox/Projekte/mvg-live/lib/mvg/live/cli.rb": [
        1,
        null,
        1,
        1,
        1,
        1,
        1,
        0,
        null,
        null,
        1,
        0,
        null,
        0,
        null,
        null,
        1,
        0,
        null,
        null,
        null,
        1,
        1,
        null,
        null,
        null,
        1,
        0,
        0,
        null,
        null,
        1,
        0,
        0,
        null,
        null,
        1,
        0,
        null,
        0,
        0,
        null,
        0,
        null,
        null,
        0,
        0,
        0,
        null,
        0,
        0,
        null,
        null,
        null,
        0,
        0,
        null,
        0,
        0,
        null,
        null,
        null,
        0,
        null,
        null,
        1,
        0,
        null,
        0,
        0,
        0,
        0,
        null,
        0,
        0,
        null,
        0,
        0,
        null,
        0,
        null,
        null,
        1,
        0,
        null,
        null,
        null,
        null,
        null,
        0,
        0,
        0,
        null,
        0,
        0,
        null,
        null,
        0,
        0,
        0,
        null,
        null,
        null,
        null,
        1,
        0,
        null,
        0,
        null,
        0,
        null,
        0,
        null,
        null,
        null,
        null,
        null,
        null
      ],
      "/Users/rmoriz/Dropbox/Projekte/mvg-live/spec/factories.rb": [
        null,
        null,
        1,
        1,
        null,
        null,
        1,
        1,
        1,
        null,
        null,
        1,
        1,
        1,
        null,
        null,
        1,
        1,
        1,
        null,
        null,
        1,
        1,
        1,
        null,
        null
      ]
    },
    "timestamp": 1336413903
  },
  "Unknown Test Framework": {
    "coverage": {
      "/Users/rmoriz/Dropbox/Projekte/mvg-live/lib/mvg/live.rb": [
        null,
        1,
        1,
        1,
        1,
        1,
        1,
        null,
        1,
        1,
        1,
        1,
        1,
        1,
        1,
        null,
        1,
        null,
        1,
        1,
        1,
        null,
        1,
        1,
        null,
        1,
        1,
        1,
        1,
        1,
        1,
        1,
        1,
        null,
        1,
        16,
        16,
        null,
        16,
        0,
        null,
        null,
        16,
        16,
        16,
        16,
        16,
        16,
        null,
        16,
        16,
        16,
        16,
        null,
        null,
        1,
        1,
        1,
        1,
        null,
        0,
        null,
        null,
        null,
        1,
        12,
        12,
        1,
        null,
        null,
        null,
        null,
        null
      ],
      "/Users/rmoriz/Dropbox/Projekte/mvg-live/lib/mvg/live/encoding.rb": [
        1,
        1,
        1,
        1,
        1,
        34,
        null,
        null,
        1,
        8,
        null,
        null,
        null,
        null,
        null,
        null,
        null,
        0,
        null,
        0,
        0,
        0,
        0,
        0,
        null,
        null,
        0,
        0,
        null,
        null,
        null,
        null,
        null
      ],
      "/Users/rmoriz/Dropbox/Projekte/mvg-live/lib/mvg/live/http.rb": [
        1,
        null,
        1,
        1,
        1,
        null,
        1,
        null,
        10,
        10,
        10,
        10,
        null,
        null,
        1,
        8,
        8,
        null,
        8,
        8,
        8,
        null,
        8,
        null,
        null,
        1,
        null,
        1,
        8,
        8,
        null,
        8,
        20,
        null,
        8,
        null,
        null,
        1,
        8,
        null,
        8,
        0,
        null,
        8,
        null,
        null,
        null,
        1,
        20,
        null,
        3,
        null,
        6,
        null,
        11,
        null,
        null,
        null,
        null,
        null
      ],
      "/Users/rmoriz/Dropbox/Projekte/mvg-live/lib/mvg/live/parser.rb": [
        1,
        null,
        1,
        1,
        1,
        null,
        1,
        6,
        null,
        6,
        null,
        null,
        null,
        null,
        null,
        null,
        null,
        null,
        null,
        null,
        null,
        null,
        null,
        null,
        null,
        null,
        null,
        null,
        null,
        null,
        null,
        null,
        null,
        null,
        6,
        null,
        6,
        null,
        6,
        32,
        32,
        32,
        32,
        null,
        32,
        null,
        null,
        6,
        5,
        37,
        5,
        null,
        1,
        1,
        null,
        1,
        2,
        null,
        null,
        null,
        null,
        null,
        null
      ],
      "/Users/rmoriz/Dropbox/Projekte/mvg-live/lib/mvg/live/cli.rb": [
        1,
        null,
        1,
        1,
        1,
        1,
        1,
        0,
        null,
        null,
        1,
        0,
        null,
        0,
        null,
        null,
        1,
        0,
        null,
        null,
        null,
        1,
        1,
        null,
        null,
        null,
        1,
        0,
        0,
        null,
        null,
        1,
        0,
        0,
        null,
        null,
        1,
        0,
        null,
        0,
        0,
        null,
        0,
        null,
        null,
        0,
        0,
        0,
        null,
        0,
        0,
        null,
        null,
        null,
        0,
        0,
        null,
        0,
        0,
        null,
        null,
        null,
        0,
        null,
        null,
        1,
        0,
        null,
        0,
        0,
        0,
        0,
        null,
        0,
        0,
        null,
        0,
        0,
        null,
        0,
        null,
        null,
        1,
        0,
        null,
        null,
        null,
        null,
        null,
        0,
        0,
        0,
        null,
        0,
        0,
        null,
        null,
        0,
        0,
        0,
        null,
        null,
        null,
        null,
        1,
        0,
        null,
        0,
        null,
        0,
        null,
        0,
        null,
        null,
        null,
        null,
        null,
        null
      ],
      "/Users/rmoriz/Dropbox/Projekte/mvg-live/spec/factories.rb": [
        null,
        null,
        1,
        1,
        null,
        null,
        1,
        1,
        1,
        null,
        null,
        1,
        1,
        1,
        null,
        null,
        1,
        1,
        1,
        null,
        null,
        1,
        1,
        1,
        null,
        null
      ]
    },
    "timestamp": 1336415485
  },
  "test": {
    "coverage": {
      "/Users/rmoriz/Dropbox/Projekte/mvg-live/lib/mvg/live.rb": [
        null,
        1,
        1,
        1,
        1,
        1,
        1,
        null,
        1,
        1,
        1,
        1,
        1,
        1,
        1,
        null,
        1,
        null,
        1,
        1,
        1,
        null,
        1,
        1,
        null,
        1,
        1,
        1,
        1,
        1,
        1,
        1,
        1,
        null,
        1,
        21,
        21,
        null,
        21,
        1,
        null,
        null,
        21,
        21,
        21,
        21,
        21,
        21,
        null,
        21,
        21,
        21,
        21,
        null,
        null,
        1,
        2,
        2,
        2,
        null,
        0,
        null,
        null,
        null,
        1,
        14,
        14,
        1,
        null,
        null,
        null,
        null,
        null
      ],
      "/Users/rmoriz/Dropbox/Projekte/mvg-live/lib/mvg/live/encoding.rb": [
        1,
        1,
        1,
        1,
        1,
        54,
        null,
        null,
        1,
        9,
        null,
        null,
        null,
        null,
        null,
        null,
        null,
        0,
        null,
        0,
        0,
        0,
        0,
        0,
        null,
        null,
        0,
        0,
        null,
        null,
        null,
        null,
        null
      ],
      "/Users/rmoriz/Dropbox/Projekte/mvg-live/lib/mvg/live/http.rb": [
        1,
        null,
        1,
        1,
        1,
        null,
        1,
        null,
        11,
        11,
        11,
        11,
        null,
        null,
        1,
        9,
        9,
        null,
        9,
        9,
        9,
        null,
        9,
        null,
        null,
        1,
        9,
        9,
        null,
        9,
        24,
        null,
        9,
        null,
        null,
        1,
        9,
        null,
        9,
        1,
        null,
        8,
        null,
        null,
        null,
        1,
        24,
        null,
        4,
        null,
        7,
        null,
        13,
        null,
        null,
        null,
        null,
        null
      ],
      "/Users/rmoriz/Dropbox/Projekte/mvg-live/lib/mvg/live/parser.rb": [
        1,
        null,
        1,
        1,
        1,
        null,
        1,
        7,
        null,
        7,
        null,
        null,
        null,
        null,
        null,
        null,
        null,
        null,
        null,
        null,
        null,
        null,
        null,
        null,
        null,
        null,
        null,
        null,
        null,
        null,
        null,
        null,
        null,
        null,
        7,
        null,
        7,
        null,
        7,
        52,
        52,
        52,
        52,
        null,
        52,
        null,
        null,
        7,
        6,
        58,
        6,
        null,
        1,
        1,
        null,
        1,
        2,
        null,
        null,
        null,
        null,
        null,
        null
      ],
      "/Users/rmoriz/Dropbox/Projekte/mvg-live/lib/mvg/live/cli.rb": [
        1,
        null,
        1,
        1,
        1,
        1,
        1,
        0,
        null,
        null,
        1,
        1,
        null,
        0,
        null,
        null,
        1,
        0,
        null,
        null,
        null,
        1,
        1,
        null,
        null,
        null,
        1,
        1,
        1,
        null,
        null,
        1,
        0,
        0,
        null,
        null,
        1,
        1,
        null,
        1,
        0,
        null,
        1,
        null,
        null,
        1,
        0,
        0,
        null,
        0,
        0,
        null,
        null,
        null,
        1,
        1,
        null,
        1,
        20,
        null,
        null,
        null,
        1,
        null,
        null,
        1,
        0,
        null,
        0,
        0,
        0,
        0,
        null,
        0,
        0,
        null,
        0,
        0,
        null,
        0,
        null,
        null,
        1,
        1,
        null,
        null,
        null,
        null,
        null,
        1,
        3,
        0,
        null,
        0,
        0,
        null,
        null,
        0,
        0,
        0,
        null,
        null,
        null,
        null,
        1,
        4,
        null,
        2,
        null,
        2,
        null,
        0,
        null,
        null,
        null,
        null,
        null,
        null
      ],
      "/Users/rmoriz/Dropbox/Projekte/mvg-live/spec/factories.rb": [
        null,
        null,
        1,
        1,
        null,
        null,
        1,
        1,
        1,
        null,
        null,
        1,
        1,
        1,
        null,
        null,
        1,
        1,
        1,
        null,
        null,
        1,
        1,
        1,
        null,
        null
      ]
    },
    "timestamp": 1336417414
  }
}
